#
# There is insufficient memory for the Java Runtime Environment to continue.
# Native memory allocation (malloc) failed to allocate 75168 bytes for Chunk::new
# Possible reasons:
#   The system is out of physical RAM or swap space
#   The process is running with CompressedOops enabled, and the Java Heap may be blocking the growth of the native heap
# Possible solutions:
#   Reduce memory load on the system
#   Increase physical memory or swap space
#   Check if swap backing store is full
#   Decrease Java heap size (-Xmx/-Xms)
#   Decrease number of Java threads
#   Decrease Java thread stack sizes (-Xss)
#   Set larger code cache with -XX:ReservedCodeCacheSize=
#   JVM is running with Unscaled Compressed Oops mode in which the Java heap is
#     placed in the first 4GB address space. The Java Heap base address is the
#     maximum limit for the native heap growth. Please use -XX:HeapBaseMinAddress
#     to set the Java Heap base and to place the Java Heap above 4GB virtual address.
# This output file may be truncated or incomplete.
#
#  Out of Memory Error (arena.cpp:184), pid=18980, tid=10428
#
# JRE version: Java(TM) SE Runtime Environment (20.0.1+9) (build 20.0.1+9-29)
# Java VM: Java HotSpot(TM) 64-Bit Server VM (20.0.1+9-29, mixed mode, sharing, tiered, compressed oops, compressed class ptrs, g1 gc, windows-amd64)
# No core dump will be written. Minidumps are not enabled by default on client versions of Windows
#

---------------  S U M M A R Y ------------

Command Line: -javaagent:C:\Program Files\JetBrains\IntelliJ IDEA Community Edition 2023.3.1\lib\idea_rt.jar=64741:C:\Program Files\JetBrains\IntelliJ IDEA Community Edition 2023.3.1\bin -Dfile.encoding=UTF-8 -Dsun.stdout.encoding=UTF-8 -Dsun.stderr.encoding=UTF-8 com.example.chess_demo.ChessDemoApplication

Host: Intel(R) Core(TM) i5-10210U CPU @ 1.60GHz, 8 cores, 3G,  Windows 11 , 64 bit Build 22621 (10.0.22621.3672)
Time: Thu Jun 20 03:14:30 2024 Türkiye Standart Saati elapsed time: 209.453878 seconds (0d 0h 3m 29s)

---------------  T H R E A D  ---------------

Current thread (0x000001e21e409610):  JavaThread "C2 CompilerThread0" daemon [_thread_in_native, id=10428, stack(0x000000e06db00000,0x000000e06dc00000)]


Current CompileTask:
C2: 209454 12688       4       org.apache.tomcat.util.http.ValuesEnumerator::<init> (32 bytes)

Stack: [0x000000e06db00000,0x000000e06dc00000]
Native frames: (J=compiled Java code, j=interpreted, Vv=VM code, C=native code)
V  [jvm.dll+0x6bb95a]
V  [jvm.dll+0x8485fa]
V  [jvm.dll+0x84a1f5]
V  [jvm.dll+0x84a8f3]
V  [jvm.dll+0x280b0f]
V  [jvm.dll+0xc2b11]
V  [jvm.dll+0xc2e35]
V  [jvm.dll+0x3bb17c]
V  [jvm.dll+0x1e6aba]
V  [jvm.dll+0x24b3ab]
V  [jvm.dll+0x24a651]
V  [jvm.dll+0x1ce491]
V  [jvm.dll+0x259e1b]
V  [jvm.dll+0x2584f0]
V  [jvm.dll+0x3f2895]
V  [jvm.dll+0x7f4b56]
V  [jvm.dll+0x6ba5cb]
C  [ucrtbase.dll+0x29333]
C  [KERNEL32.DLL+0x1257d]
C  [ntdll.dll+0x5af28]


---------------  P R O C E S S  ---------------

Threads class SMR info:
_java_thread_list=0x000001e22461cba0, length=31, elements={
0x000001e21e3e31a0, 0x000001e21e3e3ea0, 0x000001e21e3ee670, 0x000001e21e3f01c0,
0x000001e21e3f2d10, 0x000001e21e3f7710, 0x000001e21e409610, 0x000001e21e40fcf0,
0x000001e2228c6480, 0x000001e222bcf8d0, 0x000001e222bcfe20, 0x000001e223c4def0,
0x000001e223c50970, 0x000001e223c4e440, 0x000001e223c50ec0, 0x000001e223c4f430,
0x000001e223c4eee0, 0x000001e223c4f980, 0x000001e223c4e990, 0x000001e225fb8510,
0x000001e225fb5fe0, 0x000001e225fb8a60, 0x000001e225fb6530, 0x000001e225fb5540,
0x000001e225fb6fd0, 0x000001e225fb6a80, 0x000001e225fb7fc0, 0x000001e225fba4f0,
0x000001e225fb7520, 0x000001e225fbaa40, 0x000001e225fb5a90
}

Java Threads: ( => current thread )
  0x000001e21e3e31a0 JavaThread "Reference Handler" daemon [_thread_blocked, id=14596, stack(0x000000e06d500000,0x000000e06d600000)]
  0x000001e21e3e3ea0 JavaThread "Finalizer" daemon [_thread_blocked, id=3684, stack(0x000000e06d600000,0x000000e06d700000)]
  0x000001e21e3ee670 JavaThread "Signal Dispatcher" daemon [_thread_blocked, id=21052, stack(0x000000e06d700000,0x000000e06d800000)]
  0x000001e21e3f01c0 JavaThread "Attach Listener" daemon [_thread_blocked, id=11672, stack(0x000000e06d800000,0x000000e06d900000)]
  0x000001e21e3f2d10 JavaThread "Service Thread" daemon [_thread_blocked, id=1304, stack(0x000000e06d900000,0x000000e06da00000)]
  0x000001e21e3f7710 JavaThread "Monitor Deflation Thread" daemon [_thread_blocked, id=7832, stack(0x000000e06da00000,0x000000e06db00000)]
=>0x000001e21e409610 JavaThread "C2 CompilerThread0" daemon [_thread_in_native, id=10428, stack(0x000000e06db00000,0x000000e06dc00000)]
  0x000001e21e40fcf0 JavaThread "C1 CompilerThread0" daemon [_thread_blocked, id=11060, stack(0x000000e06dc00000,0x000000e06dd00000)]
  0x000001e2228c6480 JavaThread "Common-Cleaner" daemon [_thread_blocked, id=4196, stack(0x000000e06dd00000,0x000000e06de00000)]
  0x000001e222bcf8d0 JavaThread "Monitor Ctrl-Break" daemon [_thread_in_native, id=22212, stack(0x000000e06de00000,0x000000e06df00000)]
  0x000001e222bcfe20 JavaThread "Notification Thread" daemon [_thread_blocked, id=16144, stack(0x000000e06df00000,0x000000e06e000000)]
  0x000001e223c4def0 JavaThread "mysql-cj-abandoned-connection-cleanup" daemon [_thread_blocked, id=14300, stack(0x000000e06eb00000,0x000000e06ec00000)]
  0x000001e223c50970 JavaThread "HikariPool-1 housekeeper" daemon [_thread_blocked, id=18040, stack(0x000000e06ed00000,0x000000e06ee00000)]
  0x000001e223c4e440 JavaThread "Catalina-utility-1" [_thread_blocked, id=24440, stack(0x000000e06ef00000,0x000000e06f000000)]
  0x000001e223c50ec0 JavaThread "Catalina-utility-2" [_thread_blocked, id=11452, stack(0x000000e06f000000,0x000000e06f100000)]
  0x000001e223c4f430 JavaThread "container-0" [_thread_blocked, id=22620, stack(0x000000e06f100000,0x000000e06f200000)]
  0x000001e223c4eee0 JavaThread "File Watcher" daemon [_thread_blocked, id=10188, stack(0x000000e06f200000,0x000000e06f300000)]
  0x000001e223c4f980 JavaThread "Live Reload Server" daemon [_thread_in_native, id=12856, stack(0x000000e06f400000,0x000000e06f500000)]
  0x000001e223c4e990 JavaThread "http-nio-8083-exec-1" daemon [_thread_blocked, id=24156, stack(0x000000e06f300000,0x000000e06f400000)]
  0x000001e225fb8510 JavaThread "http-nio-8083-exec-2" daemon [_thread_blocked, id=16580, stack(0x000000e06f500000,0x000000e06f600000)]
  0x000001e225fb5fe0 JavaThread "http-nio-8083-exec-3" daemon [_thread_blocked, id=23800, stack(0x000000e06f600000,0x000000e06f700000)]
  0x000001e225fb8a60 JavaThread "http-nio-8083-exec-4" daemon [_thread_blocked, id=8456, stack(0x000000e06f700000,0x000000e06f800000)]
  0x000001e225fb6530 JavaThread "http-nio-8083-exec-5" daemon [_thread_blocked, id=22572, stack(0x000000e06f800000,0x000000e06f900000)]
  0x000001e225fb5540 JavaThread "http-nio-8083-exec-6" daemon [_thread_blocked, id=9036, stack(0x000000e06f900000,0x000000e06fa00000)]
  0x000001e225fb6fd0 JavaThread "http-nio-8083-exec-7" daemon [_thread_blocked, id=21252, stack(0x000000e06fa00000,0x000000e06fb00000)]
  0x000001e225fb6a80 JavaThread "http-nio-8083-exec-8" daemon [_thread_blocked, id=4924, stack(0x000000e06fb00000,0x000000e06fc00000)]
  0x000001e225fb7fc0 JavaThread "http-nio-8083-exec-9" daemon [_thread_blocked, id=12992, stack(0x000000e06fc00000,0x000000e06fd00000)]
  0x000001e225fba4f0 JavaThread "http-nio-8083-exec-10" daemon [_thread_blocked, id=8720, stack(0x000000e06fd00000,0x000000e06fe00000)]
  0x000001e225fb7520 JavaThread "http-nio-8083-Poller" daemon [_thread_in_native, id=18440, stack(0x000000e06fe00000,0x000000e06ff00000)]
  0x000001e225fbaa40 JavaThread "http-nio-8083-Acceptor" daemon [_thread_in_native, id=3296, stack(0x000000e06ff00000,0x000000e070000000)]
  0x000001e225fb5a90 JavaThread "DestroyJavaVM" [_thread_blocked, id=1392, stack(0x000000e06ce00000,0x000000e06cf00000)]

Other Threads:
  0x000001e21e3c6d80 VMThread "VM Thread" [stack: 0x000000e06d400000,0x000000e06d500000] [id=17196]
  0x000001e222b60910 WatcherThread "VM Periodic Task Thread" [stack: 0x000000e06e000000,0x000000e06e100000] [id=4492]
  0x000001e20315a000 WorkerThread "GC Thread#0" [stack: 0x000000e06cf00000,0x000000e06d000000] [id=11956]
  0x000001e2234478c0 WorkerThread "GC Thread#1" [stack: 0x000000e06e300000,0x000000e06e400000] [id=14316]
  0x000001e223472540 WorkerThread "GC Thread#2" [stack: 0x000000e06e400000,0x000000e06e500000] [id=14088]
  0x000001e22348c680 WorkerThread "GC Thread#3" [stack: 0x000000e06e500000,0x000000e06e600000] [id=22460]
  0x000001e22348da30 WorkerThread "GC Thread#4" [stack: 0x000000e06e600000,0x000000e06e700000] [id=25000]
  0x000001e22348d1c0 WorkerThread "GC Thread#5" [stack: 0x000000e06e700000,0x000000e06e800000] [id=360]
  0x000001e22348cc20 WorkerThread "GC Thread#6" [stack: 0x000000e06e900000,0x000000e06ea00000] [id=16656]
  0x000001e22348dd00 WorkerThread "GC Thread#7" [stack: 0x000000e06ea00000,0x000000e06eb00000] [id=26576]
  0x000001e203162a60 ConcurrentGCThread "G1 Main Marker" [stack: 0x000000e06d000000,0x000000e06d100000] [id=18880]
  0x000001e2031641a0 WorkerThread "G1 Conc#0" [stack: 0x000000e06d100000,0x000000e06d200000] [id=22196]
  0x000001e22348cef0 WorkerThread "G1 Conc#1" [stack: 0x000000e06e800000,0x000000e06e900000] [id=26092]
  0x000001e20319e550 ConcurrentGCThread "G1 Refine#0" [stack: 0x000000e06d200000,0x000000e06d300000] [id=15668]
  0x000001e21e281260 ConcurrentGCThread "G1 Service" [stack: 0x000000e06d300000,0x000000e06d400000] [id=19660]

Threads with active compile tasks:
C2 CompilerThread0   209524 12688       4       org.apache.tomcat.util.http.ValuesEnumerator::<init> (32 bytes)

VM state: not at safepoint (normal execution)

VM Mutex/Monitor currently owned by a thread: None

Heap address: 0x00000000c3000000, size: 976 MB, Compressed Oops mode: 32-bit

CDS archive(s) mapped at: [0x0000000800000000-0x0000000800c60000-0x0000000800c60000), size 12976128, SharedBaseAddress: 0x0000000800000000, ArchiveRelocationMode: 0.
Compressed class space mapped at: 0x0000000801000000-0x0000000841000000, reserved size: 1073741824
Narrow klass base: 0x0000000800000000, Narrow klass shift: 0, Narrow klass range: 0x100000000

GC Precious Log:
 CardTable entry size: 512
 Card Set container configuration: InlinePtr #cards 5 size 8 Array Of Cards #cards 12 size 40 Howl #buckets 4 coarsen threshold 1843 Howl Bitmap #cards 512 size 80 coarsen threshold 460 Card regions per heap region 1 cards per card region 2048
 CPUs: 8 total, 8 available
 Memory: 3899M
 Large Page Support: Disabled
 NUMA Support: Disabled
 Compressed Oops: Enabled (32-bit)
 Heap Region Size: 1M
 Heap Min Capacity: 8M
 Heap Initial Capacity: 62M
 Heap Max Capacity: 976M
 Pre-touch: Disabled
 Parallel Workers: 8
 Concurrent Workers: 2
 Concurrent Refinement Workers: 8
 Periodic GC: Disabled

Heap:
 garbage-first heap   total 66560K, used 32784K [0x00000000c3000000, 0x0000000100000000)
  region size 1024K, 3 young (3072K), 2 survivors (2048K)
 Metaspace       used 78163K, committed 78976K, reserved 1179648K
  class space    used 9880K, committed 10240K, reserved 1048576K

Heap Regions: E=young(eden), S=young(survivor), O=old, HS=humongous(starts), HC=humongous(continues), CS=collection set, F=free, OA=open archive, CA=closed archive, TAMS=top-at-mark-start, PB=parsable bottom
|   0|0x00000000c3000000, 0x00000000c3100000, 0x00000000c3100000|100%|HS|  |TAMS 0x00000000c3000000| PB 0x00000000c3000000| Complete 
|   1|0x00000000c3100000, 0x00000000c3200000, 0x00000000c3200000|100%| O|  |TAMS 0x00000000c3100000| PB 0x00000000c3100000| Untracked 
|   2|0x00000000c3200000, 0x00000000c3300000, 0x00000000c3300000|100%| O|  |TAMS 0x00000000c3200000| PB 0x00000000c3200000| Untracked 
|   3|0x00000000c3300000, 0x00000000c3400000, 0x00000000c3400000|100%| O|  |TAMS 0x00000000c3300000| PB 0x00000000c3300000| Untracked 
|   4|0x00000000c3400000, 0x00000000c3500000, 0x00000000c3500000|100%| O|  |TAMS 0x00000000c3400000| PB 0x00000000c3400000| Untracked 
|   5|0x00000000c3500000, 0x00000000c3600000, 0x00000000c3600000|100%| O|  |TAMS 0x00000000c3500000| PB 0x00000000c3500000| Untracked 
|   6|0x00000000c3600000, 0x00000000c3700000, 0x00000000c3700000|100%| O|  |TAMS 0x00000000c3600000| PB 0x00000000c3600000| Untracked 
|   7|0x00000000c3700000, 0x00000000c3800000, 0x00000000c3800000|100%| O|  |TAMS 0x00000000c3700000| PB 0x00000000c3700000| Untracked 
|   8|0x00000000c3800000, 0x00000000c3900000, 0x00000000c3900000|100%| O|  |TAMS 0x00000000c3800000| PB 0x00000000c3800000| Untracked 
|   9|0x00000000c3900000, 0x00000000c3a00000, 0x00000000c3a00000|100%| O|  |TAMS 0x00000000c3900000| PB 0x00000000c3900000| Untracked 
|  10|0x00000000c3a00000, 0x00000000c3b00000, 0x00000000c3b00000|100%| O|  |TAMS 0x00000000c3a00000| PB 0x00000000c3a00000| Untracked 
|  11|0x00000000c3b00000, 0x00000000c3c00000, 0x00000000c3c00000|100%| O|  |TAMS 0x00000000c3b00000| PB 0x00000000c3b00000| Untracked 
|  12|0x00000000c3c00000, 0x00000000c3d00000, 0x00000000c3d00000|100%| O|  |TAMS 0x00000000c3c00000| PB 0x00000000c3c00000| Untracked 
|  13|0x00000000c3d00000, 0x00000000c3e00000, 0x00000000c3e00000|100%| O|  |TAMS 0x00000000c3d00000| PB 0x00000000c3d00000| Untracked 
|  14|0x00000000c3e00000, 0x00000000c3f00000, 0x00000000c3f00000|100%| O|  |TAMS 0x00000000c3e00000| PB 0x00000000c3e00000| Untracked 
|  15|0x00000000c3f00000, 0x00000000c4000000, 0x00000000c4000000|100%| O|  |TAMS 0x00000000c3f00000| PB 0x00000000c3f00000| Untracked 
|  16|0x00000000c4000000, 0x00000000c4100000, 0x00000000c4100000|100%| O|  |TAMS 0x00000000c4000000| PB 0x00000000c4000000| Untracked 
|  17|0x00000000c4100000, 0x00000000c4200000, 0x00000000c4200000|100%| O|  |TAMS 0x00000000c4100000| PB 0x00000000c4100000| Untracked 
|  18|0x00000000c4200000, 0x00000000c4200000, 0x00000000c4300000|  0%| F|  |TAMS 0x00000000c4200000| PB 0x00000000c4200000| Untracked 
|  19|0x00000000c4300000, 0x00000000c4400000, 0x00000000c4400000|100%| O|  |TAMS 0x00000000c4300000| PB 0x00000000c4300000| Untracked 
|  20|0x00000000c4400000, 0x00000000c4500000, 0x00000000c4500000|100%| O|  |TAMS 0x00000000c4400000| PB 0x00000000c4400000| Untracked 
|  21|0x00000000c4500000, 0x00000000c4600000, 0x00000000c4600000|100%| O|  |TAMS 0x00000000c4500000| PB 0x00000000c4500000| Untracked 
|  22|0x00000000c4600000, 0x00000000c4700000, 0x00000000c4700000|100%| O|  |TAMS 0x00000000c4600000| PB 0x00000000c4600000| Untracked 
|  23|0x00000000c4700000, 0x00000000c4800000, 0x00000000c4800000|100%| O|  |TAMS 0x00000000c4700000| PB 0x00000000c4700000| Untracked 
|  24|0x00000000c4800000, 0x00000000c4900000, 0x00000000c4900000|100%| O|  |TAMS 0x00000000c4800000| PB 0x00000000c4800000| Untracked 
|  25|0x00000000c4900000, 0x00000000c4a00000, 0x00000000c4a00000|100%| O|  |TAMS 0x00000000c4900000| PB 0x00000000c4900000| Untracked 
|  26|0x00000000c4a00000, 0x00000000c4a04200, 0x00000000c4b00000|  1%| O|  |TAMS 0x00000000c4a00000| PB 0x00000000c4a00000| Untracked 
|  27|0x00000000c4b00000, 0x00000000c4c00000, 0x00000000c4c00000|100%| O|  |TAMS 0x00000000c4b00000| PB 0x00000000c4b00000| Untracked 
|  28|0x00000000c4c00000, 0x00000000c4c00000, 0x00000000c4d00000|  0%| F|  |TAMS 0x00000000c4c00000| PB 0x00000000c4c00000| Untracked 
|  29|0x00000000c4d00000, 0x00000000c4d00000, 0x00000000c4e00000|  0%| F|  |TAMS 0x00000000c4d00000| PB 0x00000000c4d00000| Untracked 
|  30|0x00000000c4e00000, 0x00000000c4f00000, 0x00000000c4f00000|100%| O|  |TAMS 0x00000000c4e00000| PB 0x00000000c4e00000| Untracked 
|  31|0x00000000c4f00000, 0x00000000c5000000, 0x00000000c5000000|100%| O|  |TAMS 0x00000000c4f00000| PB 0x00000000c4f00000| Untracked 
|  32|0x00000000c5000000, 0x00000000c5100000, 0x00000000c5100000|100%| O|  |TAMS 0x00000000c5000000| PB 0x00000000c5000000| Untracked 
|  33|0x00000000c5100000, 0x00000000c5200000, 0x00000000c5200000|100%| O|  |TAMS 0x00000000c5100000| PB 0x00000000c5100000| Untracked 
|  34|0x00000000c5200000, 0x00000000c5200000, 0x00000000c5300000|  0%| F|  |TAMS 0x00000000c5200000| PB 0x00000000c5200000| Untracked 
|  35|0x00000000c5300000, 0x00000000c5400000, 0x00000000c5400000|100%| S|CS|TAMS 0x00000000c5300000| PB 0x00000000c5300000| Complete 
|  36|0x00000000c5400000, 0x00000000c5500000, 0x00000000c5500000|100%| S|CS|TAMS 0x00000000c5400000| PB 0x00000000c5400000| Complete 
|  37|0x00000000c5500000, 0x00000000c5500000, 0x00000000c5600000|  0%| F|  |TAMS 0x00000000c5500000| PB 0x00000000c5500000| Untracked 
|  38|0x00000000c5600000, 0x00000000c5600000, 0x00000000c5700000|  0%| F|  |TAMS 0x00000000c5600000| PB 0x00000000c5600000| Untracked 
|  39|0x00000000c5700000, 0x00000000c5700000, 0x00000000c5800000|  0%| F|  |TAMS 0x00000000c5700000| PB 0x00000000c5700000| Untracked 
|  40|0x00000000c5800000, 0x00000000c5800000, 0x00000000c5900000|  0%| F|  |TAMS 0x00000000c5800000| PB 0x00000000c5800000| Untracked 
|  41|0x00000000c5900000, 0x00000000c5900000, 0x00000000c5a00000|  0%| F|  |TAMS 0x00000000c5900000| PB 0x00000000c5900000| Untracked 
|  42|0x00000000c5a00000, 0x00000000c5a00000, 0x00000000c5b00000|  0%| F|  |TAMS 0x00000000c5a00000| PB 0x00000000c5a00000| Untracked 
|  43|0x00000000c5b00000, 0x00000000c5b00000, 0x00000000c5c00000|  0%| F|  |TAMS 0x00000000c5b00000| PB 0x00000000c5b00000| Untracked 
|  44|0x00000000c5c00000, 0x00000000c5c00000, 0x00000000c5d00000|  0%| F|  |TAMS 0x00000000c5c00000| PB 0x00000000c5c00000| Untracked 
|  45|0x00000000c5d00000, 0x00000000c5d00000, 0x00000000c5e00000|  0%| F|  |TAMS 0x00000000c5d00000| PB 0x00000000c5d00000| Untracked 
|  46|0x00000000c5e00000, 0x00000000c5e00000, 0x00000000c5f00000|  0%| F|  |TAMS 0x00000000c5e00000| PB 0x00000000c5e00000| Untracked 
|  47|0x00000000c5f00000, 0x00000000c5f00000, 0x00000000c6000000|  0%| F|  |TAMS 0x00000000c5f00000| PB 0x00000000c5f00000| Untracked 
|  48|0x00000000c6000000, 0x00000000c6000000, 0x00000000c6100000|  0%| F|  |TAMS 0x00000000c6000000| PB 0x00000000c6000000| Untracked 
|  49|0x00000000c6100000, 0x00000000c6100000, 0x00000000c6200000|  0%| F|  |TAMS 0x00000000c6100000| PB 0x00000000c6100000| Untracked 
|  50|0x00000000c6200000, 0x00000000c6200000, 0x00000000c6300000|  0%| F|  |TAMS 0x00000000c6200000| PB 0x00000000c6200000| Untracked 
|  51|0x00000000c6300000, 0x00000000c6300000, 0x00000000c6400000|  0%| F|  |TAMS 0x00000000c6300000| PB 0x00000000c6300000| Untracked 
|  52|0x00000000c6400000, 0x00000000c6400000, 0x00000000c6500000|  0%| F|  |TAMS 0x00000000c6400000| PB 0x00000000c6400000| Untracked 
|  53|0x00000000c6500000, 0x00000000c6500000, 0x00000000c6600000|  0%| F|  |TAMS 0x00000000c6500000| PB 0x00000000c6500000| Untracked 
|  54|0x00000000c6600000, 0x00000000c6600000, 0x00000000c6700000|  0%| F|  |TAMS 0x00000000c6600000| PB 0x00000000c6600000| Untracked 
|  55|0x00000000c6700000, 0x00000000c6700000, 0x00000000c6800000|  0%| F|  |TAMS 0x00000000c6700000| PB 0x00000000c6700000| Untracked 
|  56|0x00000000c6800000, 0x00000000c6800000, 0x00000000c6900000|  0%| F|  |TAMS 0x00000000c6800000| PB 0x00000000c6800000| Untracked 
|  57|0x00000000c6900000, 0x00000000c6900000, 0x00000000c6a00000|  0%| F|  |TAMS 0x00000000c6900000| PB 0x00000000c6900000| Untracked 
|  58|0x00000000c6a00000, 0x00000000c6a00000, 0x00000000c6b00000|  0%| F|  |TAMS 0x00000000c6a00000| PB 0x00000000c6a00000| Untracked 
|  59|0x00000000c6b00000, 0x00000000c6b00000, 0x00000000c6c00000|  0%| F|  |TAMS 0x00000000c6b00000| PB 0x00000000c6b00000| Untracked 
|  60|0x00000000c6c00000, 0x00000000c6c00000, 0x00000000c6d00000|  0%| F|  |TAMS 0x00000000c6c00000| PB 0x00000000c6c00000| Untracked 
|  61|0x00000000c6d00000, 0x00000000c6d00000, 0x00000000c6e00000|  0%| F|  |TAMS 0x00000000c6d00000| PB 0x00000000c6d00000| Untracked 
|  62|0x00000000c6e00000, 0x00000000c6e00000, 0x00000000c6f00000|  0%| F|  |TAMS 0x00000000c6e00000| PB 0x00000000c6e00000| Untracked 
|  63|0x00000000c6f00000, 0x00000000c6f00000, 0x00000000c7000000|  0%| F|  |TAMS 0x00000000c6f00000| PB 0x00000000c6f00000| Untracked 
|  64|0x00000000c7000000, 0x00000000c70bb080, 0x00000000c7100000| 73%| E|  |TAMS 0x00000000c7000000| PB 0x00000000c7000000| Complete 

Card table byte_map: [0x000001e21a6b0000,0x000001e21a8a0000] _byte_map_base: 0x000001e21a098000

Marking Bits: (CMBitMap*) 0x000001e20315a630
 Bits: [0x000001e21aa90000, 0x000001e21b9d0000)

Polling page: 0x000001e2010b0000

Metaspace:

Usage:
  Non-class:     66.68 MB used.
      Class:      9.65 MB used.
       Both:     76.33 MB used.

Virtual space:
  Non-class space:      128.00 MB reserved,      67.12 MB ( 52%) committed,  2 nodes.
      Class space:        1.00 GB reserved,      10.00 MB ( <1%) committed,  1 nodes.
             Both:        1.12 GB reserved,      77.12 MB (  7%) committed. 

Chunk freelists:
   Non-Class:  928.00 KB
       Class:  1.88 MB
        Both:  2.78 MB

MaxMetaspaceSize: unlimited
CompressedClassSpaceSize: 1.00 GB
Initial GC threshold: 21.00 MB
Current GC threshold: 128.44 MB
CDS: on
MetaspaceReclaimPolicy: balanced
 - commit_granule_bytes: 65536.
 - commit_granule_words: 8192.
 - virtual_space_node_default_size: 8388608.
 - enlarge_chunks_in_place: 1.
 - new_chunks_are_fully_committed: 0.
 - uncommit_free_chunks: 1.
 - use_allocation_guard: 0.


Internal statistics:

num_allocs_failed_limit: 12.
num_arena_births: 1238.
num_arena_deaths: 0.
num_vsnodes_births: 3.
num_vsnodes_deaths: 0.
num_space_committed: 1234.
num_space_uncommitted: 0.
num_chunks_returned_to_freelist: 12.
num_chunks_taken_from_freelist: 4183.
num_chunk_merges: 12.
num_chunk_splits: 2903.
num_chunks_enlarged: 2118.
num_inconsistent_stats: 0.

CodeHeap 'non-profiled nmethods': size=120000Kb used=5665Kb max_used=5665Kb free=114334Kb
 bounds [0x000001e212c60000, 0x000001e2131f0000, 0x000001e21a190000]
CodeHeap 'profiled nmethods': size=120000Kb used=19401Kb max_used=19561Kb free=100598Kb
 bounds [0x000001e20b190000, 0x000001e20c4c0000, 0x000001e2126c0000]
CodeHeap 'non-nmethods': size=5760Kb used=1821Kb max_used=1889Kb free=3938Kb
 bounds [0x000001e2126c0000, 0x000001e212930000, 0x000001e212c60000]
 total_blobs=10052 nmethods=9282 adapters=679
 compilation: enabled
              stopped_count=0, restarted_count=0
 full_count=0

Compilation events (20 events):
Event: 209.053 Thread 0x000001e21e40fcf0 nmethod 12678 0x000001e20bda9290 code [0x000001e20bda9420, 0x000001e20bda9570]
Event: 209.065 Thread 0x000001e21e409610 12679       4       java.util.concurrent.locks.ReentrantReadWriteLock$Sync::tryReleaseShared (146 bytes)
Event: 209.067 Thread 0x000001e21e40fcf0 12680       3       com.mysql.cj.protocol.a.StringValueEncoder::<init> (5 bytes)
Event: 209.068 Thread 0x000001e21e40fcf0 nmethod 12680 0x000001e20bb26390 code [0x000001e20bb26520, 0x000001e20bb26718]
Event: 209.071 Thread 0x000001e21e409610 nmethod 12679 0x000001e2131e6b90 code [0x000001e2131e6d20, 0x000001e2131e6fa8]
Event: 209.084 Thread 0x000001e21e409610 12681       4       com.mysql.cj.protocol.a.result.ResultsetRowsStatic::next (79 bytes)
Event: 209.095 Thread 0x000001e21e409610 nmethod 12681 0x000001e2131e7210 code [0x000001e2131e73a0, 0x000001e2131e7798]
Event: 209.108 Thread 0x000001e21e409610 12682       4       com.sun.crypto.provider.GCTR::doFinal (155 bytes)
Event: 209.115 Thread 0x000001e21e409610 nmethod 12682 0x000001e2131e7990 code [0x000001e2131e7b20, 0x000001e2131e7e00]
Event: 209.292 Thread 0x000001e21e40fcf0 12683       3       com.mysql.cj.protocol.a.NativeProtocol$$Lambda$877/0x0000000801517248::get (8 bytes)
Event: 209.292 Thread 0x000001e21e40fcf0 nmethod 12683 0x000001e20c0dc690 code [0x000001e20c0dc820, 0x000001e20c0dcab0]
Event: 209.298 Thread 0x000001e21e40fcf0 12684       3       org.hibernate.persister.entity.AbstractEntityPersister::isIdentifierReference (54 bytes)
Event: 209.300 Thread 0x000001e21e40fcf0 nmethod 12684 0x000001e20bd6b990 code [0x000001e20bd6bb60, 0x000001e20bd6c1a0]
Event: 209.304 Thread 0x000001e21e409610 12685       4       org.springframework.core.annotation.AnnotatedMethod$ReturnValueMethodParameter::getParameterType (19 bytes)
Event: 209.306 Thread 0x000001e21e409610 nmethod 12685 0x000001e2131e8110 code [0x000001e2131e8280, 0x000001e2131e8328]
Event: 209.410 Thread 0x000001e21e40fcf0 12686       3       com.mysql.cj.protocol.a.StringValueEncoder::init (47 bytes)
Event: 209.413 Thread 0x000001e21e40fcf0 nmethod 12686 0x000001e20bd8bf10 code [0x000001e20bd8c100, 0x000001e20bd8c7f8]
Event: 209.413 Thread 0x000001e21e409610 12687       4       java.lang.CharacterDataLatin1::isJavaIdentifierStart (23 bytes)
Event: 209.414 Thread 0x000001e21e409610 nmethod 12687 0x000001e2131e8410 code [0x000001e2131e8580, 0x000001e2131e8658]
Event: 209.414 Thread 0x000001e21e409610 12688       4       org.apache.tomcat.util.http.ValuesEnumerator::<init> (32 bytes)

GC Heap History (20 events):
Event: 135.969 GC heap after
{Heap after GC invocations=23 (full 0):
 garbage-first heap   total 66560K, used 34117K [0x00000000c3000000, 0x0000000100000000)
  region size 1024K, 2 young (2048K), 2 survivors (2048K)
 Metaspace       used 74970K, committed 75776K, reserved 1179648K
  class space    used 9814K, committed 10176K, reserved 1048576K
}
Event: 148.673 GC heap before
{Heap before GC invocations=23 (full 0):
 garbage-first heap   total 66560K, used 58693K [0x00000000c3000000, 0x0000000100000000)
  region size 1024K, 27 young (27648K), 2 survivors (2048K)
 Metaspace       used 75607K, committed 76480K, reserved 1179648K
  class space    used 9831K, committed 10240K, reserved 1048576K
}
Event: 148.699 GC heap after
{Heap after GC invocations=24 (full 0):
 garbage-first heap   total 66560K, used 33433K [0x00000000c3000000, 0x0000000100000000)
  region size 1024K, 2 young (2048K), 2 survivors (2048K)
 Metaspace       used 75607K, committed 76480K, reserved 1179648K
  class space    used 9831K, committed 10240K, reserved 1048576K
}
Event: 153.954 GC heap before
{Heap before GC invocations=24 (full 0):
 garbage-first heap   total 66560K, used 58009K [0x00000000c3000000, 0x0000000100000000)
  region size 1024K, 27 young (27648K), 2 survivors (2048K)
 Metaspace       used 76049K, committed 76928K, reserved 1179648K
  class space    used 9831K, committed 10240K, reserved 1048576K
}
Event: 153.964 GC heap after
{Heap after GC invocations=25 (full 0):
 garbage-first heap   total 66560K, used 33392K [0x00000000c3000000, 0x0000000100000000)
  region size 1024K, 2 young (2048K), 2 survivors (2048K)
 Metaspace       used 76049K, committed 76928K, reserved 1179648K
  class space    used 9831K, committed 10240K, reserved 1048576K
}
Event: 158.876 GC heap before
{Heap before GC invocations=26 (full 0):
 garbage-first heap   total 66560K, used 57968K [0x00000000c3000000, 0x0000000100000000)
  region size 1024K, 27 young (27648K), 2 survivors (2048K)
 Metaspace       used 76317K, committed 77184K, reserved 1179648K
  class space    used 9832K, committed 10240K, reserved 1048576K
}
Event: 158.880 GC heap after
{Heap after GC invocations=27 (full 0):
 garbage-first heap   total 66560K, used 33532K [0x00000000c3000000, 0x0000000100000000)
  region size 1024K, 2 young (2048K), 2 survivors (2048K)
 Metaspace       used 76317K, committed 77184K, reserved 1179648K
  class space    used 9832K, committed 10240K, reserved 1048576K
}
Event: 165.377 GC heap before
{Heap before GC invocations=27 (full 0):
 garbage-first heap   total 66560K, used 58108K [0x00000000c3000000, 0x0000000100000000)
  region size 1024K, 27 young (27648K), 2 survivors (2048K)
 Metaspace       used 76616K, committed 77440K, reserved 1179648K
  class space    used 9833K, committed 10240K, reserved 1048576K
}
Event: 165.412 GC heap after
{Heap after GC invocations=28 (full 0):
 garbage-first heap   total 66560K, used 33113K [0x00000000c3000000, 0x0000000100000000)
  region size 1024K, 2 young (2048K), 2 survivors (2048K)
 Metaspace       used 76616K, committed 77440K, reserved 1179648K
  class space    used 9833K, committed 10240K, reserved 1048576K
}
Event: 182.614 GC heap before
{Heap before GC invocations=28 (full 0):
 garbage-first heap   total 66560K, used 58713K [0x00000000c3000000, 0x0000000100000000)
  region size 1024K, 28 young (28672K), 2 survivors (2048K)
 Metaspace       used 77180K, committed 78016K, reserved 1179648K
  class space    used 9874K, committed 10240K, reserved 1048576K
}
Event: 182.664 GC heap after
{Heap after GC invocations=29 (full 0):
 garbage-first heap   total 66560K, used 33314K [0x00000000c3000000, 0x0000000100000000)
  region size 1024K, 3 young (3072K), 3 survivors (3072K)
 Metaspace       used 77180K, committed 78016K, reserved 1179648K
  class space    used 9874K, committed 10240K, reserved 1048576K
}
Event: 188.047 GC heap before
{Heap before GC invocations=30 (full 0):
 garbage-first heap   total 66560K, used 56866K [0x00000000c3000000, 0x0000000100000000)
  region size 1024K, 27 young (27648K), 3 survivors (3072K)
 Metaspace       used 77544K, committed 78336K, reserved 1179648K
  class space    used 9874K, committed 10240K, reserved 1048576K
}
Event: 188.059 GC heap after
{Heap after GC invocations=31 (full 0):
 garbage-first heap   total 66560K, used 33387K [0x00000000c3000000, 0x0000000100000000)
  region size 1024K, 3 young (3072K), 3 survivors (3072K)
 Metaspace       used 77544K, committed 78336K, reserved 1179648K
  class space    used 9874K, committed 10240K, reserved 1048576K
}
Event: 193.151 GC heap before
{Heap before GC invocations=31 (full 0):
 garbage-first heap   total 66560K, used 56939K [0x00000000c3000000, 0x0000000100000000)
  region size 1024K, 27 young (27648K), 3 survivors (3072K)
 Metaspace       used 77797K, committed 78592K, reserved 1179648K
  class space    used 9875K, committed 10240K, reserved 1048576K
}
Event: 193.166 GC heap after
{Heap after GC invocations=32 (full 0):
 garbage-first heap   total 66560K, used 32922K [0x00000000c3000000, 0x0000000100000000)
  region size 1024K, 2 young (2048K), 2 survivors (2048K)
 Metaspace       used 77797K, committed 78592K, reserved 1179648K
  class space    used 9875K, committed 10240K, reserved 1048576K
}
Event: 198.742 GC heap before
{Heap before GC invocations=32 (full 0):
 garbage-first heap   total 66560K, used 58522K [0x00000000c3000000, 0x0000000100000000)
  region size 1024K, 28 young (28672K), 2 survivors (2048K)
 Metaspace       used 78096K, committed 78912K, reserved 1179648K
  class space    used 9878K, committed 10240K, reserved 1048576K
}
Event: 198.772 GC heap after
{Heap after GC invocations=33 (full 0):
 garbage-first heap   total 66560K, used 33025K [0x00000000c3000000, 0x0000000100000000)
  region size 1024K, 3 young (3072K), 3 survivors (3072K)
 Metaspace       used 78096K, committed 78912K, reserved 1179648K
  class space    used 9878K, committed 10240K, reserved 1048576K
}
Event: 204.071 GC heap before
{Heap before GC invocations=34 (full 0):
 garbage-first heap   total 66560K, used 56577K [0x00000000c3000000, 0x0000000100000000)
  region size 1024K, 27 young (27648K), 3 survivors (3072K)
 Metaspace       used 78128K, committed 78976K, reserved 1179648K
  class space    used 9879K, committed 10240K, reserved 1048576K
}
Event: 204.077 GC heap after
{Heap after GC invocations=35 (full 0):
 garbage-first heap   total 66560K, used 32934K [0x00000000c3000000, 0x0000000100000000)
  region size 1024K, 2 young (2048K), 2 survivors (2048K)
 Metaspace       used 78128K, committed 78976K, reserved 1179648K
  class space    used 9879K, committed 10240K, reserved 1048576K
}
Event: 209.427 GC heap before
{Heap before GC invocations=35 (full 0):
 garbage-first heap   total 66560K, used 58534K [0x00000000c3000000, 0x0000000100000000)
  region size 1024K, 28 young (28672K), 2 survivors (2048K)
 Metaspace       used 78163K, committed 78976K, reserved 1179648K
  class space    used 9880K, committed 10240K, reserved 1048576K
}

Dll operation events (14 events):
Event: 0.026 Loaded shared library C:\Program Files\Java\jdk-20\bin\java.dll
Event: 0.037 Loaded shared library C:\Program Files\Java\jdk-20\bin\jsvml.dll
Event: 0.194 Loaded shared library C:\Program Files\Java\jdk-20\bin\zip.dll
Event: 0.199 Loaded shared library C:\Program Files\Java\jdk-20\bin\instrument.dll
Event: 0.207 Loaded shared library C:\Program Files\Java\jdk-20\bin\net.dll
Event: 0.209 Loaded shared library C:\Program Files\Java\jdk-20\bin\nio.dll
Event: 0.213 Loaded shared library C:\Program Files\Java\jdk-20\bin\zip.dll
Event: 0.534 Loaded shared library C:\Program Files\JetBrains\IntelliJ IDEA Community Edition 2023.3.1\bin\breakgen64.dll
Event: 0.552 Loaded shared library C:\Program Files\Java\jdk-20\bin\extnet.dll
Event: 0.629 Loaded shared library C:\Program Files\Java\jdk-20\bin\jimage.dll
Event: 1.119 Loaded shared library C:\Program Files\Java\jdk-20\bin\management.dll
Event: 1.124 Loaded shared library C:\Program Files\Java\jdk-20\bin\management_ext.dll
Event: 2.819 Loaded shared library C:\Program Files\Java\jdk-20\bin\sunmscapi.dll
Event: 8.447 Loaded shared library C:\Program Files\Java\jdk-20\bin\verify.dll

Deoptimization events (20 events):
Event: 184.885 Thread 0x000001e225fb5540 DEOPT PACKING pc=0x000001e20c454b2e sp=0x000000e06f9f8980
Event: 184.885 Thread 0x000001e225fb5540 DEOPT UNPACKING pc=0x000001e21272a4c2 sp=0x000000e06f9f8068 mode 0
Event: 185.393 Thread 0x000001e225fb7520 Uncommon trap: trap_request=0xffffffc6 fr.pc=0x000001e213105078 relative=0x0000000000000738
Event: 185.393 Thread 0x000001e225fb7520 Uncommon trap: reason=bimorphic_or_optimized_type_check action=maybe_recompile pc=0x000001e213105078 method=java.util.HashMap.removeNode(ILjava/lang/Object;Ljava/lang/Object;ZZ)Ljava/util/HashMap$Node; @ 143 c2
Event: 185.393 Thread 0x000001e225fb7520 DEOPT PACKING pc=0x000001e213105078 sp=0x000000e06fefee70
Event: 185.393 Thread 0x000001e225fb7520 DEOPT UNPACKING pc=0x000001e212729d22 sp=0x000000e06fefed88 mode 2
Event: 186.345 Thread 0x000001e223c4e990 DEOPT PACKING pc=0x000001e20c454b2e sp=0x000000e06f3f7730
Event: 186.346 Thread 0x000001e223c4e990 DEOPT UNPACKING pc=0x000001e21272a4c2 sp=0x000000e06f3f6e18 mode 0
Event: 188.082 Thread 0x000001e225fb8510 DEOPT PACKING pc=0x000001e20c454b2e sp=0x000000e06f5f77b0
Event: 188.082 Thread 0x000001e225fb8510 DEOPT UNPACKING pc=0x000001e21272a4c2 sp=0x000000e06f5f6e98 mode 0
Event: 189.448 Thread 0x000001e225fb8a60 DEOPT PACKING pc=0x000001e20c454b2e sp=0x000000e06f7f78d0
Event: 189.448 Thread 0x000001e225fb8a60 DEOPT UNPACKING pc=0x000001e21272a4c2 sp=0x000000e06f7f6fb8 mode 0
Event: 191.133 Thread 0x000001e225fba4f0 DEOPT PACKING pc=0x000001e20b539d73 sp=0x000000e06fdfe9a0
Event: 191.133 Thread 0x000001e225fba4f0 DEOPT UNPACKING pc=0x000001e21272a4c2 sp=0x000000e06fdfde40 mode 3
Event: 191.158 Thread 0x000001e225fb6a80 DEOPT PACKING pc=0x000001e20c454b2e sp=0x000000e06fbf7a90
Event: 191.158 Thread 0x000001e225fb6a80 DEOPT UNPACKING pc=0x000001e21272a4c2 sp=0x000000e06fbf7178 mode 0
Event: 191.877 Thread 0x000001e225fb5fe0 DEOPT PACKING pc=0x000001e20b31fb98 sp=0x000000e06f6fef80
Event: 191.877 Thread 0x000001e225fb5fe0 DEOPT UNPACKING pc=0x000001e21272a4c2 sp=0x000000e06f6fe430 mode 0
Event: 208.566 Thread 0x000001e225fb8a60 DEOPT PACKING pc=0x000001e20bfa760b sp=0x000000e06f7fac20
Event: 208.575 Thread 0x000001e225fb8a60 DEOPT UNPACKING pc=0x000001e21272a4c2 sp=0x000000e06f7fa0d8 mode 0

Classes loaded (20 events):
Event: 108.922 Loading class org/w3c/dom/Node
Event: 108.923 Loading class org/w3c/dom/Node done
Event: 108.923 Loading class org/w3c/dom/Document
Event: 108.924 Loading class org/w3c/dom/Document done
Event: 124.073 Loading class java/io/PushbackInputStream
Event: 124.074 Loading class java/io/PushbackInputStream done
Event: 124.207 Loading class java/lang/invoke/BoundMethodHandle$Species_LLLLLLLLLL
Event: 124.207 Loading class java/lang/invoke/BoundMethodHandle$Species_LLLLLLLLLL done
Event: 124.212 Loading class java/lang/invoke/BoundMethodHandle$Species_LLLLLLLLLLL
Event: 124.212 Loading class java/lang/invoke/BoundMethodHandle$Species_LLLLLLLLLLL done
Event: 124.674 Loading class com/sun/crypto/provider/HmacCore$HmacSHA512
Event: 124.675 Loading class com/sun/crypto/provider/HmacCore$HmacSHA512 done
Event: 125.188 Loading class java/util/concurrent/locks/ReentrantReadWriteLock$Sync$HoldCounter
Event: 125.189 Loading class java/util/concurrent/locks/ReentrantReadWriteLock$Sync$HoldCounter done
Event: 125.241 Loading class java/util/zip/DeflaterOutputStream
Event: 125.243 Loading class java/util/zip/DeflaterOutputStream done
Event: 125.245 Loading class java/util/zip/GZIPInputStream
Event: 125.247 Loading class java/util/zip/GZIPInputStream done
Event: 125.249 Loading class java/util/zip/GZIPOutputStream
Event: 125.250 Loading class java/util/zip/GZIPOutputStream done

Classes unloaded (0 events):
No events

Classes redefined (0 events):
No events

Internal exceptions (20 events):
Event: 11.584 Thread 0x000001e2231727d0 Exception <a 'java/io/FileNotFoundException'{0x00000000c52ba9e0}> (0x00000000c52ba9e0) 
thrown [s\open\src\hotspot\share\prims\jni.cpp, line 519]
Event: 12.055 Thread 0x000001e2231727d0 Exception <a 'java/lang/NoSuchMethodError'{0x00000000c58cbea0}: 'java.lang.Object java.lang.invoke.DirectMethodHandle$Holder.newInvokeSpecial(java.lang.Object, java.lang.Object, java.lang.Object, java.lang.Object, java.lang.Object, java.lang.Object, java.lang.Object, java.lang.Object)'> (0x00000000c58cbea0) 
thrown [s\open\src\hotspot\share\interpreter\linkResolver.cpp, line 773]
Event: 12.509 Thread 0x000001e2231727d0 Exception <a 'java/lang/IncompatibleClassChangeError'{0x00000000c5bd0e20}: Found class java.lang.Object, but interface was expected> (0x00000000c5bd0e20) 
thrown [s\open\src\hotspot\share\interpreter\linkResolver.cpp, line 840]
Event: 12.690 Thread 0x000001e2231727d0 Exception <a 'java/lang/NoSuchMethodError'{0x00000000c55aac40}: 'void java.lang.invoke.DirectMethodHandle$Holder.invokeVirtual(java.lang.Object, java.lang.Object, long)'> (0x00000000c55aac40) 
thrown [s\open\src\hotspot\share\interpreter\linkResolver.cpp, line 773]
Event: 12.713 Thread 0x000001e2231727d0 Exception <a 'java/lang/NoSuchMethodError'{0x00000000c549ac40}: 'java.lang.Object java.lang.invoke.DirectMethodHandle$Holder.invokeSpecial(java.lang.Object, java.lang.Object, int, int, int, int)'> (0x00000000c549ac40) 
thrown [s\open\src\hotspot\share\interpreter\linkResolver.cpp, line 773]
Event: 12.796 Thread 0x000001e2231727d0 Exception <a 'java/lang/NoSuchMethodError'{0x00000000c6f13360}: 'int java.lang.invoke.DirectMethodHandle$Holder.invokeStaticInit(java.lang.Object, java.lang.Object, java.lang.Object, java.lang.Object)'> (0x00000000c6f13360) 
thrown [s\open\src\hotspot\share\interpreter\linkResolver.cpp, line 773]
Event: 12.823 Thread 0x000001e2231727d0 Exception <a 'java/lang/IncompatibleClassChangeError'{0x00000000c6fe9f48}: Found class java.lang.Object, but interface was expected> (0x00000000c6fe9f48) 
thrown [s\open\src\hotspot\share\interpreter\linkResolver.cpp, line 840]
Event: 13.010 Thread 0x000001e2231727d0 Exception <a 'java/lang/NoSuchMethodError'{0x00000000c697d6d8}: 'java.lang.Object java.lang.invoke.DirectMethodHandle$Holder.newInvokeSpecial(java.lang.Object, java.lang.Object, int, java.lang.Object, java.lang.Object)'> (0x00000000c697d6d8) 
thrown [s\open\src\hotspot\share\interpreter\linkResolver.cpp, line 773]
Event: 13.011 Thread 0x000001e2231727d0 Exception <a 'java/lang/NoSuchMethodError'{0x00000000c69881a8}: 'java.lang.Object java.lang.invoke.DirectMethodHandle$Holder.invokeSpecial(java.lang.Object, java.lang.Object, int, java.lang.Object, int, java.lang.Object)'> (0x00000000c69881a8) 
thrown [s\open\src\hotspot\share\interpreter\linkResolver.cpp, line 773]
Event: 13.012 Thread 0x000001e2231727d0 Exception <a 'java/lang/NoSuchMethodError'{0x00000000c698fee8}: 'java.lang.Object java.lang.invoke.DirectMethodHandle$Holder.newInvokeSpecial(java.lang.Object, java.lang.Object, int, java.lang.Object, int)'> (0x00000000c698fee8) 
thrown [s\open\src\hotspot\share\interpreter\linkResolver.cpp, line 773]
Event: 13.012 Thread 0x000001e2231727d0 Exception <a 'java/lang/NoSuchMethodError'{0x00000000c6993d58}: 'java.lang.Object java.lang.invoke.DirectMethodHandle$Holder.invokeSpecial(java.lang.Object, java.lang.Object, java.lang.Object, int, java.lang.Object, int)'> (0x00000000c6993d58) 
thrown [s\open\src\hotspot\share\interpreter\linkResolver.cpp, line 773]
Event: 105.326 Thread 0x000001e223c4e990 Exception <a 'java/lang/NoSuchMethodError'{0x00000000c5e96868}: 'java.lang.Object java.lang.invoke.DirectMethodHandle$Holder.invokeSpecial(java.lang.Object, java.lang.Object, java.lang.Object, java.lang.Object, java.lang.Object, long)'> (0x00000000c5e96868) 
thrown [s\open\src\hotspot\share\interpreter\linkResolver.cpp, line 773]
Event: 105.331 Thread 0x000001e223c4e990 Exception <a 'java/lang/NoSuchMethodError'{0x00000000c5e9a028}: 'java.lang.Object java.lang.invoke.Invokers$Holder.linkToTargetMethod(java.lang.Object, java.lang.Object, java.lang.Object, long, java.lang.Object)'> (0x00000000c5e9a028) 
thrown [s\open\src\hotspot\share\interpreter\linkResolver.cpp, line 773]
Event: 107.932 Thread 0x000001e223c4e990 Exception <a 'java/lang/NoSuchMethodError'{0x00000000c58f4c70}: 'java.lang.Object java.lang.invoke.DirectMethodHandle$Holder.invokeInterface(java.lang.Object, java.lang.Object, java.lang.Object, java.lang.Object)'> (0x00000000c58f4c70) 
thrown [s\open\src\hotspot\share\interpreter\linkResolver.cpp, line 773]
Event: 108.572 Thread 0x000001e223c4e990 Exception <a 'java/lang/IncompatibleClassChangeError'{0x00000000c70ac088}: Found class java.lang.Object, but interface was expected> (0x00000000c70ac088) 
thrown [s\open\src\hotspot\share\interpreter\linkResolver.cpp, line 840]
Event: 124.210 Thread 0x000001e225fb5fe0 Exception <a 'java/lang/NoSuchMethodError'{0x00000000c69cde50}: 'java.lang.Object java.lang.invoke.DirectMethodHandle$Holder.invokeStatic(java.lang.Object, java.lang.Object, java.lang.Object, java.lang.Object, java.lang.Object, java.lang.Object, java.lang.Object, java.lang.Object, java.lang.Object, java.lang.Object, java.lang.Object, java.lang.Object, java.lang.Object)'> (0x00000000c69cde50) 
thrown [s\open\src\hotspot\share\interpreter\linkResolver.cpp, line 773]
Event: 124.214 Thread 0x000001e225fb5fe0 Exception <a 'java/lang/NoSuchMethodError'{0x00000000c69ed800}: 'java.lang.Object java.lang.invoke.DirectMethodHandle$Holder.invokeStatic(java.lang.Object, java.lang.Object, java.lang.Object, java.lang.Object, java.lang.Object, java.lang.Object, java.lang.Object, java.lang.Object, java.lang.Object, java.lang.Object, java.lang.Object, java.lang.Object, java.lang.Object, java.lang.Object)'> (0x00000000c69ed800) 
thrown [s\open\src\hotspot\share\interpreter\linkResolver.cpp, line 773]
Event: 124.474 Thread 0x000001e225fb5fe0 Exception <a 'java/lang/NoSuchMethodError'{0x00000000c66ab798}: 'void java.lang.invoke.DirectMethodHandle$Holder.invokeSpecialIFC(java.lang.Object, java.lang.Object, int, java.lang.Object, java.lang.Object, java.lang.Object, java.lang.Object)'> (0x00000000c66ab798) 
thrown [s\open\src\hotspot\share\interpreter\linkResolver.cpp, line 773]
Event: 128.090 Thread 0x000001e223c4e990 Exception <a 'java/lang/NoSuchMethodError'{0x00000000c6f059e0}: 'java.lang.Object java.lang.invoke.DirectMethodHandle$Holder.invokeInterface(java.lang.Object, java.lang.Object, java.lang.Object, java.lang.Object, java.lang.Object)'> (0x00000000c6f059e0) 
thrown [s\open\src\hotspot\share\interpreter\linkResolver.cpp, line 773]
Event: 180.831 Thread 0x000001e225fb6530 Exception <a 'java/lang/NoSuchMethodError'{0x00000000c5e65700}: 'int java.lang.invoke.DirectMethodHandle$Holder.invokeStatic(java.lang.Object, java.lang.Object, int, int)'> (0x00000000c5e65700) 
thrown [s\open\src\hotspot\share\interpreter\linkResolver.cpp, line 773]

VM Operations (20 events):
Event: 199.880 Executing VM operation: Cleanup done
Event: 200.881 Executing VM operation: Cleanup
Event: 200.882 Executing VM operation: Cleanup done
Event: 201.896 Executing VM operation: Cleanup
Event: 201.896 Executing VM operation: Cleanup done
Event: 202.905 Executing VM operation: Cleanup
Event: 202.905 Executing VM operation: Cleanup done
Event: 203.912 Executing VM operation: Cleanup
Event: 203.913 Executing VM operation: Cleanup done
Event: 204.071 Executing VM operation: G1CollectForAllocation
Event: 204.078 Executing VM operation: G1CollectForAllocation done
Event: 205.088 Executing VM operation: Cleanup
Event: 205.091 Executing VM operation: Cleanup done
Event: 206.091 Executing VM operation: Cleanup
Event: 206.100 Executing VM operation: Cleanup done
Event: 208.113 Executing VM operation: Cleanup
Event: 208.196 Executing VM operation: Cleanup done
Event: 209.212 Executing VM operation: Cleanup
Event: 209.213 Executing VM operation: Cleanup done
Event: 209.427 Executing VM operation: G1CollectForAllocation

Events (20 events):
Event: 198.863 Thread 0x000001e21e3c6d80 flushing nmethod 0x000001e20b26ef10
Event: 198.863 Thread 0x000001e21e3c6d80 flushing nmethod 0x000001e2130f9490
Event: 198.863 Thread 0x000001e21e3c6d80 flushing nmethod 0x000001e20b223390
Event: 198.863 Thread 0x000001e21e3c6d80 flushing nmethod 0x000001e20b1f9710
Event: 198.863 Thread 0x000001e21e3c6d80 flushing nmethod 0x000001e20b1fa690
Event: 198.863 Thread 0x000001e21e3c6d80 flushing nmethod 0x000001e20b21f610
Event: 198.863 Thread 0x000001e21e3c6d80 flushing nmethod 0x000001e20b1e9f10
Event: 198.863 Thread 0x000001e21e3c6d80 flushing nmethod 0x000001e20b1e5190
Event: 198.863 Thread 0x000001e21e3c6d80 flushing nmethod 0x000001e20b209d90
Event: 198.863 Thread 0x000001e21e3c6d80 flushing nmethod 0x000001e20b1f5e10
Event: 198.863 Thread 0x000001e21e3c6d80 flushing nmethod 0x000001e20b1b5110
Event: 198.863 Thread 0x000001e21e3c6d80 flushing nmethod 0x000001e20b1c7310
Event: 198.863 Thread 0x000001e21e3c6d80 flushing nmethod 0x000001e20b1bc110
Event: 198.863 Thread 0x000001e21e3c6d80 flushing nmethod 0x000001e20b1aba90
Event: 198.863 Thread 0x000001e21e3c6d80 flushing nmethod 0x000001e20b1b0290
Event: 198.863 Thread 0x000001e21e3c6d80 flushing nmethod 0x000001e212f0a510
Event: 198.863 Thread 0x000001e21e3c6d80 flushing nmethod 0x000001e212f07610
Event: 198.863 Thread 0x000001e21e3c6d80 flushing nmethod 0x000001e212d03b90
Event: 198.863 Thread 0x000001e21e3c6d80 flushing nmethod 0x000001e212d4d590
Event: 198.863 Thread 0x000001e21e3c6d80 flushing nmethod 0x000001e212cb5110


Dynamic libraries:
0x00007ff75bbe0000 - 0x00007ff75bbf0000 	C:\Program Files\Java\jdk-20\bin\java.exe
0x00007fff037d0000 - 0x00007fff039e7000 	C:\WINDOWS\SYSTEM32\ntdll.dll
0x00007fff02900000 - 0x00007fff029c4000 	C:\WINDOWS\System32\KERNEL32.DLL
0x00007fff00cc0000 - 0x00007fff0106c000 	C:\WINDOWS\System32\KERNELBASE.dll
0x00000000568e0000 - 0x0000000056c12000 	C:\Program Files\Norton Security\NortonData\22.23.1.21\Definitions\IPSDefs\20240619.064\IPSEng64.dll
0x00007fff03270000 - 0x00007fff03322000 	C:\WINDOWS\System32\ADVAPI32.dll
0x00007fff02760000 - 0x00007fff02807000 	C:\WINDOWS\System32\msvcrt.dll
0x00007fff03190000 - 0x00007fff0323a000 	C:\WINDOWS\System32\sechost.dll
0x00007fff01250000 - 0x00007fff01278000 	C:\WINDOWS\System32\bcrypt.dll
0x00007fff029e0000 - 0x00007fff02af5000 	C:\WINDOWS\System32\RPCRT4.dll
0x00007fff029d0000 - 0x00007fff029d8000 	C:\WINDOWS\System32\PSAPI.DLL
0x00007fff01280000 - 0x00007fff01391000 	C:\WINDOWS\System32\ucrtbase.dll
0x00007ffef7910000 - 0x00007ffef7929000 	C:\Program Files\Java\jdk-20\bin\jli.dll
0x00007ffef77b0000 - 0x00007ffef77cb000 	C:\Program Files\Java\jdk-20\bin\VCRUNTIME140.dll
0x00007fff02b00000 - 0x00007fff02cae000 	C:\WINDOWS\System32\USER32.dll
0x00007fff013a0000 - 0x00007fff013c6000 	C:\WINDOWS\System32\win32u.dll
0x00007ffeee760000 - 0x00007ffeee9f3000 	C:\WINDOWS\WinSxS\amd64_microsoft.windows.common-controls_6595b64144ccf1df_6.0.22621.3672_none_2713b9d173822955\COMCTL32.dll
0x00007fff03240000 - 0x00007fff03269000 	C:\WINDOWS\System32\GDI32.dll
0x00007fff00ba0000 - 0x00007fff00cb9000 	C:\WINDOWS\System32\gdi32full.dll
0x00007fff00b00000 - 0x00007fff00b9a000 	C:\WINDOWS\System32\msvcp_win.dll
0x00007ffef7f80000 - 0x00007ffef7f8a000 	C:\WINDOWS\SYSTEM32\VERSION.dll
0x00007fff03530000 - 0x00007fff03561000 	C:\WINDOWS\System32\IMM32.DLL
0x00007ffefc320000 - 0x00007ffefc32c000 	C:\Program Files\Java\jdk-20\bin\vcruntime140_1.dll
0x00007ffef7720000 - 0x00007ffef77ae000 	C:\Program Files\Java\jdk-20\bin\msvcp140.dll
0x00007ffedbc80000 - 0x00007ffedc917000 	C:\Program Files\Java\jdk-20\bin\server\jvm.dll
0x00007ffee7190000 - 0x00007ffee7199000 	C:\WINDOWS\SYSTEM32\WSOCK32.dll
0x00007ffef99e0000 - 0x00007ffef9a14000 	C:\WINDOWS\SYSTEM32\WINMM.dll
0x00007fff02870000 - 0x00007fff028e1000 	C:\WINDOWS\System32\WS2_32.dll
0x00007ffeffaf0000 - 0x00007ffeffb08000 	C:\WINDOWS\SYSTEM32\kernel.appcore.dll
0x00007ffeeb4b0000 - 0x00007ffeeb4ba000 	C:\Program Files\Java\jdk-20\bin\jimage.dll
0x00007ffefe3d0000 - 0x00007ffefe602000 	C:\WINDOWS\SYSTEM32\DBGHELP.DLL
0x00007fff01a90000 - 0x00007fff01e18000 	C:\WINDOWS\System32\combase.dll
0x00007fff02680000 - 0x00007fff02757000 	C:\WINDOWS\System32\OLEAUT32.dll
0x00007ffef8020000 - 0x00007ffef8052000 	C:\WINDOWS\SYSTEM32\dbgcore.DLL
0x00007fff013d0000 - 0x00007fff0144b000 	C:\WINDOWS\System32\bcryptPrimitives.dll
0x00007ffefbaa0000 - 0x00007ffefbaae000 	C:\Program Files\Java\jdk-20\bin\instrument.dll
0x00007ffedaba0000 - 0x00007ffedabc6000 	C:\Program Files\Java\jdk-20\bin\java.dll
0x00007ffeda240000 - 0x00007ffeda317000 	C:\Program Files\Java\jdk-20\bin\jsvml.dll
0x00007fff01e20000 - 0x00007fff0267c000 	C:\WINDOWS\System32\SHELL32.dll
0x00007ffefea00000 - 0x00007ffeff2f7000 	C:\WINDOWS\SYSTEM32\windows.storage.dll
0x00007ffefe8c0000 - 0x00007ffefe9ff000 	C:\WINDOWS\SYSTEM32\wintypes.dll
0x00007fff033d0000 - 0x00007fff034c4000 	C:\WINDOWS\System32\SHCORE.dll
0x00007fff034d0000 - 0x00007fff0352e000 	C:\WINDOWS\System32\shlwapi.dll
0x00007fff00a30000 - 0x00007fff00a51000 	C:\WINDOWS\SYSTEM32\profapi.dll
0x00007ffeda1c0000 - 0x00007ffeda1d8000 	C:\Program Files\Java\jdk-20\bin\zip.dll
0x00007ffedd180000 - 0x00007ffedd193000 	C:\Program Files\Java\jdk-20\bin\net.dll
0x00007ffefb960000 - 0x00007ffefba96000 	C:\WINDOWS\SYSTEM32\WINHTTP.dll
0x00007ffefff60000 - 0x00007ffefffc9000 	C:\WINDOWS\system32\mswsock.dll
0x00007ffeda1e0000 - 0x00007ffeda1f6000 	C:\Program Files\Java\jdk-20\bin\nio.dll
0x00007ffef7700000 - 0x00007ffef771a000 	C:\Program Files\JetBrains\IntelliJ IDEA Community Edition 2023.3.1\bin\breakgen64.dll
0x00007ffed23e0000 - 0x00007ffed23e7000 	C:\Program Files\Java\jdk-20\bin\extnet.dll
0x00007ffed2800000 - 0x00007ffed280a000 	C:\Program Files\Java\jdk-20\bin\management.dll
0x00007ffed27f0000 - 0x00007ffed27fb000 	C:\Program Files\Java\jdk-20\bin\management_ext.dll
0x00007ffed23a0000 - 0x00007ffed23ae000 	C:\Program Files\Java\jdk-20\bin\sunmscapi.dll
0x00007fff01070000 - 0x00007fff011d7000 	C:\WINDOWS\System32\CRYPT32.dll
0x00007fff003a0000 - 0x00007fff003ce000 	C:\WINDOWS\SYSTEM32\ncrypt.dll
0x00007fff00360000 - 0x00007fff00397000 	C:\WINDOWS\SYSTEM32\NTASN1.dll
0x00007fff001a0000 - 0x00007fff001bb000 	C:\WINDOWS\SYSTEM32\CRYPTSP.dll
0x00007ffeffa50000 - 0x00007ffeffa85000 	C:\WINDOWS\system32\rsaenh.dll
0x00007fff00020000 - 0x00007fff00048000 	C:\WINDOWS\SYSTEM32\USERENV.dll
0x00007fff00190000 - 0x00007fff0019c000 	C:\WINDOWS\SYSTEM32\CRYPTBASE.dll
0x00007ffeff560000 - 0x00007ffeff58d000 	C:\WINDOWS\SYSTEM32\IPHLPAPI.DLL
0x00007fff028f0000 - 0x00007fff028f9000 	C:\WINDOWS\System32\NSI.dll
0x00007ffefbe80000 - 0x00007ffefbe99000 	C:\WINDOWS\SYSTEM32\dhcpcsvc6.DLL
0x00007ffefb8c0000 - 0x00007ffefb8df000 	C:\WINDOWS\SYSTEM32\dhcpcsvc.DLL
0x00007ffeff5d0000 - 0x00007ffeff6c8000 	C:\WINDOWS\SYSTEM32\DNSAPI.dll
0x00007ffefb8e0000 - 0x00007ffefb8f0000 	C:\Program Files\Java\jdk-20\bin\verify.dll
0x00007ffef97b0000 - 0x00007ffef97ba000 	C:\Windows\System32\rasadhlp.dll
0x00007ffef9370000 - 0x00007ffef93f3000 	C:\WINDOWS\System32\fwpuclnt.dll
0x00007ffed0350000 - 0x00007ffed0358000 	C:\WINDOWS\system32\wshunix.dll

dbghelp: loaded successfully - version: 4.0.5 - missing functions: none
symbol engine: initialized successfully - sym options: 0x614 - pdb path: .;C:\Program Files\Java\jdk-20\bin;C:\WINDOWS\SYSTEM32;C:\Program Files\Norton Security\NortonData\22.23.1.21\Definitions\IPSDefs\20240619.064;C:\WINDOWS\WinSxS\amd64_microsoft.windows.common-controls_6595b64144ccf1df_6.0.22621.3672_none_2713b9d173822955;C:\Program Files\Java\jdk-20\bin\server;C:\Program Files\JetBrains\IntelliJ IDEA Community Edition 2023.3.1\bin

VM Arguments:
jvm_args: -javaagent:C:\Program Files\JetBrains\IntelliJ IDEA Community Edition 2023.3.1\lib\idea_rt.jar=64741:C:\Program Files\JetBrains\IntelliJ IDEA Community Edition 2023.3.1\bin -Dfile.encoding=UTF-8 -Dsun.stdout.encoding=UTF-8 -Dsun.stderr.encoding=UTF-8 
java_command: com.example.chess_demo.ChessDemoApplication
java_class_path (initial): C:\Users\kalka\Downloads\chess_demo\chess_demo\target\classes;C:\Users\kalka\.m2\repository\org\springframework\boot\spring-boot-starter-data-jpa\3.2.3\spring-boot-starter-data-jpa-3.2.3.jar;C:\Users\kalka\.m2\repository\org\springframework\boot\spring-boot-starter-aop\3.2.3\spring-boot-starter-aop-3.2.3.jar;C:\Users\kalka\.m2\repository\org\aspectj\aspectjweaver\1.9.21\aspectjweaver-1.9.21.jar;C:\Users\kalka\.m2\repository\org\springframework\boot\spring-boot-starter-jdbc\3.2.3\spring-boot-starter-jdbc-3.2.3.jar;C:\Users\kalka\.m2\repository\com\zaxxer\HikariCP\5.0.1\HikariCP-5.0.1.jar;C:\Users\kalka\.m2\repository\org\springframework\spring-jdbc\6.1.4\spring-jdbc-6.1.4.jar;C:\Users\kalka\.m2\repository\org\hibernate\orm\hibernate-core\6.4.4.Final\hibernate-core-6.4.4.Final.jar;C:\Users\kalka\.m2\repository\jakarta\persistence\jakarta.persistence-api\3.1.0\jakarta.persistence-api-3.1.0.jar;C:\Users\kalka\.m2\repository\jakarta\transaction\jakarta.transaction-api\2.0.1\jakarta.transaction-api-2.0.1.jar;C:\Users\kalka\.m2\repository\org\jboss\logging\jboss-logging\3.5.3.Final\jboss-logging-3.5.3.Final.jar;C:\Users\kalka\.m2\repository\org\hibernate\common\hibernate-commons-annotations\6.0.6.Final\hibernate-commons-annotations-6.0.6.Final.jar;C:\Users\kalka\.m2\repository\io\smallrye\jandex\3.1.2\jandex-3.1.2.jar;C:\Users\kalka\.m2\repository\com\fasterxml\classmate\1.6.0\classmate-1.6.0.jar;C:\Users\kalka\.m2\repository\net\bytebuddy\byte-buddy\1.14.12\byte-buddy-1.14.12.jar;C:\Users\kalka\.m2\repository\org\glassfish\jaxb\jaxb-runtime\4.0.4\jaxb-runtime-4.0.4.jar;C:\Users\kalka\.m2\repository\org\glassfish\jaxb\jaxb-core\4.0.4\jaxb-core-4.0.4.jar;C:\Users\kalka\.m2\repository\org\eclipse\angus\angus-activation\2.0.1\angus-activation-2.0.1.jar;C:\Users\kalka\.m2\repository\org\glassfish\jaxb\txw2\4.0.4\txw2-4.0.4.jar;C:\Users\kalka\.m2\repository\com\sun\istack\istack-commons-runtime\4.1.2\istack-commons-runtime-4.1.2.jar;C:\Users\kalka\.m2\repository\jakarta\inject\jakarta.inject-api\2.0.1\jakarta.inject-api-2.0.1.jar;C:\Users\kalka\.m2\repository\org\antlr\antlr4-runtime\4.13.0\antlr4-runtime-4.13.0.jar;C:\Users\kalka\.m2\repository\org\springframework\data\spring-data-jpa\3.2.3\spring-data-jpa-3.2.3.jar;C:\Users\kalka\.m2\repository\org\springframework\data\spring-data-commons\3.2.3\spring-data-commons-3.2.3.jar;C:\Users\kalka\.m2\repository\org\springframework\spring-orm\6.1.4\spring-orm-6.1.4.jar;C:\Users\kalka\.m2\repository\org\springframework\spring-tx\6.1.4\spring-tx-6.1.4.jar;C:\Users\kalka\.m2\repository\jakarta\annotation\jakarta.annotation-api\2.1.1\jakarta.annotation-api-2.1.1.jar;C:\Users\kalka\.m2\repository\org\slf4j\slf4j-api\2.0.12\slf4j-api-2.0.12.jar;C:\Users\kalka\.m2\repository\org\springframework\spring-aspects\6.1.4\spring-aspects-6.1.4.jar;C:\Users\kalka\.m2\repository\org\springframework\boot\spring-boot-starter-web\3.2.3\spring-boot-starter-web-3.2.3.jar;C:\Users\kalka\.m2\repository\org\springframework\boot\spring-boot-starter\3.2.3\spring-boot-starter-3.2.3.jar;C:\Users\kalka\.m2\repository\org\springframework\boot\spring-boot-starter-logging\3.2.3\spring-boot-starter-logging-3.2.3.jar;C:\Users\kalka\.m2\repository\ch\qos\logback\logback-classic\1.4.14\logback-classic-1.4.14.jar;C:\Users\kalka\.m2\repository\ch\qos\logback\logback-core\1.4.14\logback-core-1.4.14.jar;C:\Users\kalka\.m2\repository\org\apache\logging\log4j\log4j-to-slf4j\2.21.1\log4j-to-slf4j-2.21.1.jar;C:\Users\kalka\.m2\repository\org\apache\logging\log4j\log4j-api\2.21.1\log4j-api-2.21.1.jar;C:\Users\kalka\.m2\repository\org\slf4j\jul-to-slf4j\2.0.12\jul-to-slf4j-2.0.12.jar;C:\Users\kalka\.m2\repository\org\yaml\snakeyaml\2.2\snakeyaml-2.2.jar;C:\Users\kalka\.m2\repository\org\springframework\boot\spring-boot-starter-json\3.2.3\spring-boot-starter-json-3.2.3.jar;C:\Users\kalka\.m2\repository\com\fasterxml\jackson\datatype\jackson-datatype-jdk8\2.15.4\jackson-datatype-jdk8-2.15.4.jar;C:\Users\kalka\.m2\repository\com\fasterxml\jackson\datatype\jackson-datatype-jsr310\2.15.4\jackson-datatype-jsr310-2.15.4.jar;C:\Users\kalka\.m2\repository\com\fasterxml\jackson\module\jackson-module-parameter-names\2.15.4\jackson-module-parameter-names-2.15.4.jar;C:\Users\kalka\.m2\repository\org\springframework\boot\spring-boot-starter-tomcat\3.2.3\spring-boot-starter-tomcat-3.2.3.jar;C:\Users\kalka\.m2\repository\org\apache\tomcat\embed\tomcat-embed-core\10.1.19\tomcat-embed-core-10.1.19.jar;C:\Users\kalka\.m2\repository\org\apache\tomcat\embed\tomcat-embed-el\10.1.19\tomcat-embed-el-10.1.19.jar;C:\Users\kalka\.m2\repository\org\apache\tomcat\embed\tomcat-embed-websocket\10.1.19\tomcat-embed-websocket-10.1.19.jar;C:\Users\kalka\.m2\repository\org\springframework\spring-web\6.1.4\spring-web-6.1.4.jar;C:\Users\kalka\.m2\repository\io\micrometer\micrometer-observation\1.12.3\micrometer-observation-1.12.3.jar;C:\Users\kalka\.m2\repository\io\micrometer\micrometer-commons\1.12.3\micrometer-commons-1.12.3.jar;C:\Users\kalka\.m2\repository\org\springframework\spring-webmvc\6.1.4\spring-webmvc-6.1.4.jar;C:\Users\kalka\.m2\repository\org\springframework\spring-expression\6.1.4\spring-expression-6.1.4.jar;C:\Users\kalka\.m2\repository\org\springframework\boot\spring-boot-starter-security\3.2.3\spring-boot-starter-security-3.2.3.jar;C:\Users\kalka\.m2\repository\org\springframework\spring-aop\6.1.4\spring-aop-6.1.4.jar;C:\Users\kalka\.m2\repository\org\springframework\security\spring-security-web\6.2.2\spring-security-web-6.2.2.jar;C:\Users\kalka\.m2\repository\io\jsonwebtoken\jjwt-api\0.11.5\jjwt-api-0.11.5.jar;C:\Users\kalka\.m2\repository\io\jsonwebtoken\jjwt-impl\0.11.5\jjwt-impl-0.11.5.jar;C:\Users\kalka\.m2\repository\io\jsonwebtoken\jjwt-jackson\0.11.5\jjwt-jackson-0.11.5.jar;C:\Users\kalka\.m2\repository\com\fasterxml\jackson\core\jackson-databind\2.15.4\jackson-databind-2.15.4.jar;C:\Users\kalka\.m2\repository\com\fasterxml\jackson\core\jackson-annotations\2.15.4\jackson-annotations-2.15.4.jar;C:\Users\kalka\.m2\repository\com\fasterxml\jackson\core\jackson-core\2.15.4\jackson-core-2.15.4.jar;C:\Users\kalka\.m2\repository\org\springframework\boot\spring-boot-devtools\3.2.3\spring-boot-devtools-3.2.3.jar;C:\Users\kalka\.m2\repository\org\springframework\boot\spring-boot\3.2.3\spring-boot-3.2.3.jar;C:\Users\kalka\.m2\repository\org\springframework\boot\spring-boot-autoconfigure\3.2.3\spring-boot-autoconfigure-3.2.3.jar;C:\Users\kalka\.m2\repository\com\mysql\mysql-connector-j\8.3.0\mysql-connector-j-8.3.0.jar;C:\Users\kalka\.m2\repository\org\projectlombok\lombok\1.18.30\lombok-1.18.30.jar;C:\Users\kalka\.m2\repository\jakarta\xml\bind\jakarta.xml.bind-api\4.0.1\jakarta.xml.bind-api-4.0.1.jar;C:\Users\kalka\.m2\repository\jakarta\activation\jakarta.activation-api\2.1.2\jakarta.activation-api-2.1.2.jar;C:\Users\kalka\.m2\repository\org\hamcrest\hamcrest\2.2\hamcrest-2.2.jar;C:\Users\kalka\.m2\repository\org\springframework\spring-core\6.1.4\spring-core-6.1.4.jar;C:\Users\kalka\.m2\repository\org\springframework\spring-jcl\6.1.4\spring-jcl-6.1.4.jar;C:\Users\kalka\.m2\repository\org\springframework\security\spring-security-config\6.2.2\spring-security-config-6.2.2.jar;C:\Users\kalka\.m2\repository\org\springframework\security\spring-security-core\6.2.2\spring-security-core-6.2.2.jar;C:\Users\kalka\.m2\repository\org\springframework\security\spring-security-crypto\6.2.2\spring-security-crypto-6.2.2.jar;C:\Users\kalka\.m2\repository\org\springframework\spring-beans\6.1.4\spring-beans-6.1.4.jar;C:\Users\kalka\.m2\repository\org\springframework\spring-context\6.1.4\spring-context-6.1.4.jar;C:\Users\kalka\.m2\repository\org\apache\commons\commons-lang3\3.13.0\commons-lang3-3.13.0.jar;C:\Users\kalka\.m2\repository\junit\junit\4.13.2\junit-4.13.2.jar;C:\Users\kalka\.m2\repository\org\hamcrest\hamcrest-core\2.2\hamcrest-core-2.2.jar
Launcher Type: SUN_STANDARD

[Global flags]
     intx CICompilerCount                          = 4                                         {product} {ergonomic}
     uint ConcGCThreads                            = 2                                         {product} {ergonomic}
     uint G1ConcRefinementThreads                  = 8                                         {product} {ergonomic}
   size_t G1HeapRegionSize                         = 1048576                                   {product} {ergonomic}
    uintx GCDrainStackTargetSize                   = 64                                        {product} {ergonomic}
   size_t InitialHeapSize                          = 65011712                                  {product} {ergonomic}
   size_t MarkStackSize                            = 4194304                                   {product} {ergonomic}
   size_t MaxHeapSize                              = 1023410176                                {product} {ergonomic}
   size_t MaxNewSize                               = 613416960                                 {product} {ergonomic}
   size_t MinHeapDeltaBytes                        = 1048576                                   {product} {ergonomic}
   size_t MinHeapSize                              = 8388608                                   {product} {ergonomic}
    uintx NonNMethodCodeHeapSize                   = 5839372                                {pd product} {ergonomic}
    uintx NonProfiledCodeHeapSize                  = 122909434                              {pd product} {ergonomic}
    uintx ProfiledCodeHeapSize                     = 122909434                              {pd product} {ergonomic}
    uintx ReservedCodeCacheSize                    = 251658240                              {pd product} {ergonomic}
     bool SegmentedCodeCache                       = true                                      {product} {ergonomic}
   size_t SoftMaxHeapSize                          = 1023410176                             {manageable} {ergonomic}
     bool UseCompressedClassPointers               = true                           {product lp64_product} {ergonomic}
     bool UseCompressedOops                        = true                           {product lp64_product} {ergonomic}
     bool UseG1GC                                  = true                                      {product} {ergonomic}
     bool UseLargePagesIndividualAllocation        = false                                  {pd product} {ergonomic}

Logging:
Log output configuration:
 #0: stdout all=warning uptime,level,tags foldmultilines=false
 #1: stderr all=off uptime,level,tags foldmultilines=false

Environment Variables:
JAVA_HOME=C:\Program Files\Java\jre1.8.0_202
PATH=C:\Program Files\Common Files\Oracle\Java\javapath;C:\Program Files (x86)\Common Files\Oracle\Java\javapath;C:\ProgramData\Oracle\Java\javapath;C:\ProgramData\Anaconda3;C:\ProgramData\Anaconda3\Library\mingw-w64\bin;C:\ProgramData\Anaconda3\Library\usr\bin;C:\ProgramData\Anaconda3\Library\bin;C:\ProgramData\Anaconda3\Scripts;C:\WINDOWS\system32;C:\WINDOWS;C:\WINDOWS\System32\Wbem;C:\WINDOWS\System32\WindowsPowerShell\v1.0\;C:\WINDOWS\System32\OpenSSH\;C:\Program Files\Microsoft SQL Server\150\Tools\Binn\;C:\Program Files\Microsoft SQL Server\110\Tools\Binn\;C:\Program Files\dotnet\;C:\Program Files (x86)\Microsoft SQL Server\150\Tools\Binn\;C:\Program Files (x86)\Microsoft SQL Server\150\DTS\Binn\;C:\Program Files\Microsoft SQL Server\150\DTS\Binn\;C:\Program Files\Microsoft SQL Server\Client SDK\ODBC\170\Tools\Binn\;C:\Program Files\Azure Data Studio\bin;C:\WINDOWS\system32;C:\WINDOWS;C:\WINDOWS\System32\Wbem;C:\WINDOWS\System32\WindowsPowerShell\v1.0\;C:\WINDOWS\System32\OpenSSH\;C:\Program Files\MongoDB\Server\6.0\bin;C:\Program Files\Java\jdk-20\bin;C:\Program Files\nodejs\;C:\Program Files\Git\cmd;C:\Users\kalka\AppData\Local\Programs\Python\Python39\Scripts\;C:\Users\kalka\AppData\Local\Programs\Python\Python39\;C:\Users\kalka\AppData\Local\Microsoft\WindowsApps;C:\Users\kalka\.dotnet\tools;C:\Program Files\Azure Data Studio\bin;C:\Program Files\Java\jdk-20\bin;C:\Program Files\apache-maven-3.9.3-bin\apache-maven-3.9.3\bin;C:\apache-cassandra-3.11.15\bin;C:\Program Files\MongoDB\Server\6.0\bin;;C:\Program Files\JetBrains\IntelliJ IDEA Community Edition 2023.3.1\bin;;C:\Users\kalka\AppData\Roaming\npm;C:\Users\kalka\AppData\Local\Programs\Microsoft VS Code\bin
USERNAME=Admin
OS=Windows_NT
PROCESSOR_IDENTIFIER=Intel64 Family 6 Model 142 Stepping 12, GenuineIntel
TMP=C:\Users\kalka\AppData\Local\Temp
TEMP=C:\Users\kalka\AppData\Local\Temp




---------------  S Y S T E M  ---------------

OS:
 Windows 11 , 64 bit Build 22621 (10.0.22621.3672)
OS uptime: 6 days 15:51 hours
Hyper-V role detected

CPU: total 8 (initial active 8) (4 cores per cpu, 2 threads per core) family 6 model 142 stepping 12 microcode 0xde, cx8, cmov, fxsr, ht, mmx, 3dnowpref, sse, sse2, sse3, ssse3, sse4.1, sse4.2, popcnt, lzcnt, tsc, tscinvbit, avx, avx2, aes, erms, clmul, bmi1, bmi2, adx, fma, vzeroupper, clflush, clflushopt, hv, rdtscp, f16c

Memory: 4k page, system-wide physical 3899M (327M free)
TotalPageFile size 15675M (AvailPageFile size 6M)
current process WorkingSet (physical memory assigned to process): 141M, peak: 242M
current process commit charge ("private bytes"): 294M, peak: 309M

vm_info: Java HotSpot(TM) 64-Bit Server VM (20.0.1+9-29) for windows-amd64 JRE (20.0.1+9-29), built on 2023-03-07T13:56:11Z by "mach5one" with MS VC++ 17.1 (VS2022)

END.
